Arguments: 
  /usr/local/Cellar/node/9.4.0/bin/node /usr/local/bin/yarn add iron-page

PATH: 
  /Users/jrmerz/google-cloud-sdk/bin:/usr/local/bin:/usr/bin:/bin:/usr/sbin:/sbin

Yarn version: 
  1.9.2

Node version: 
  9.4.0

Platform: 
  darwin x64

Trace: 
  Error: https://registry.yarnpkg.com/iron-page: Not found
      at Request.params.callback [as _callback] (/usr/local/lib/node_modules/yarn/lib/cli.js:64150:18)
      at Request.self.callback (/usr/local/lib/node_modules/yarn/lib/cli.js:137416:22)
      at Request.emit (events.js:160:13)
      at Request.<anonymous> (/usr/local/lib/node_modules/yarn/lib/cli.js:138388:10)
      at Request.emit (events.js:160:13)
      at IncomingMessage.<anonymous> (/usr/local/lib/node_modules/yarn/lib/cli.js:138310:12)
      at Object.onceWrapper (events.js:255:19)
      at IncomingMessage.emit (events.js:165:20)
      at endReadableNT (_stream_readable.js:1101:12)
      at process._tickCallback (internal/process/next_tick.js:152:19)

npm manifest: 
  {
    "name": "@ucd-lib/orcid-app-client",
    "version": "0.0.1",
    "main": "index.js",
    "author": "jrmerz@ucdavis.edu",
    "license": "MIT",
    "flat": true,
    "private": false,
    "dependencies": {
      "@polymer/polymer": "^3.0.5",
      "@ucd-lib/cork-app-load": "^0.0.4",
      "@webcomponents/webcomponentsjs": "^2.0.3"
    }
  }

yarn manifest: 
  No manifest

Lockfile: 
  # THIS IS AN AUTOGENERATED FILE. DO NOT EDIT THIS FILE DIRECTLY.
  # yarn lockfile v1
  
  
  "@babel/polyfill@^7.0.0-beta.46":
    version "7.0.0-beta.55"
    resolved "https://registry.yarnpkg.com/@babel/polyfill/-/polyfill-7.0.0-beta.55.tgz#fc68159a3a32f67d4003298ee69d3412622b5303"
    dependencies:
      core-js "^2.5.7"
      regenerator-runtime "^0.11.1"
  
  "@polymer/polymer@^3.0.5":
    version "3.0.5"
    resolved "https://registry.yarnpkg.com/@polymer/polymer/-/polymer-3.0.5.tgz#eaa42e70df7de818b5e1839452c82a5f83e39929"
    dependencies:
      "@webcomponents/shadycss" "^1.2.0"
  
  "@ucd-lib/cork-app-load@^0.0.4":
    version "0.0.4"
    resolved "https://registry.yarnpkg.com/@ucd-lib/cork-app-load/-/cork-app-load-0.0.4.tgz#30f410eb31ad96ac19e110be4e46fa7d8708b1c6"
    dependencies:
      "@babel/polyfill" "^7.0.0-beta.46"
      "@webcomponents/webcomponentsjs" "^2.0.0"
  
  "@webcomponents/shadycss@^1.2.0":
    version "1.3.5"
    resolved "https://registry.yarnpkg.com/@webcomponents/shadycss/-/shadycss-1.3.5.tgz#b19b45604811e428f7030d8710eebd4da0c6a353"
  
  "@webcomponents/webcomponentsjs@^2.0.0", "@webcomponents/webcomponentsjs@^2.0.3":
    version "2.0.3"
    resolved "https://registry.yarnpkg.com/@webcomponents/webcomponentsjs/-/webcomponentsjs-2.0.3.tgz#5988527650d24e6bf2e40c7af4f7ca54141afbde"
  
  core-js@^2.5.7:
    version "2.5.7"
    resolved "https://registry.yarnpkg.com/core-js/-/core-js-2.5.7.tgz#f972608ff0cead68b841a16a932d0b183791814e"
  
  regenerator-runtime@^0.11.1:
    version "0.11.1"
    resolved "https://registry.yarnpkg.com/regenerator-runtime/-/regenerator-runtime-0.11.1.tgz#be05ad7f9bf7d22e056f9726cee5017fbf19e2e9"
